2026-03-16 18:24:44  ============================================================
2026-03-16 18:24:44  Run started: 2026-03-16 18:24:44
2026-03-16 18:24:44  Device: cuda (NVIDIA GeForce RTX 5060 Laptop GPU)
2026-03-16 18:24:44  Model: rcan  |  Phase: 1  |  Epochs: 30  |  Batch: 16
2026-03-16 18:24:45  Parameters: 4,535,433
2026-03-16 18:24:45  Train patches: 15000  |  Train batches: 937  |  Val batches: 303
2026-03-16 18:24:45  Early stopping patience: 10 val checks (50 epochs)  [0=disabled]
2026-03-16 18:24:45  Log: logs/phase1_rcan.log
2026-03-16 18:24:45  ============================================================
2026-03-16 18:30:31  Epoch    1 | loss 0.0842 | lr 0.000100
2026-03-16 18:36:21  Epoch    2 | loss 0.0810 | lr 0.000100
2026-03-16 18:42:07  Epoch    3 | loss 0.0809 | lr 0.000100
2026-03-16 18:47:43  Epoch    4 | loss 0.0808 | lr 0.000100
2026-03-16 18:54:21  Epoch    5 | loss 0.0808 | PSNR 20.41 dB | SSIM 0.5672 | lr 0.000100
2026-03-16 18:54:21    -> NEW BEST (20.41 dB) -> checkpoints/phase1\rcan_best_psnr20.41.pth
2026-03-16 19:00:09  Epoch    6 | loss 0.0808 | lr 0.000100
2026-03-16 19:05:58  Epoch    7 | loss 0.0808 | lr 0.000100
2026-03-16 19:11:47  Epoch    8 | loss 0.0807 | lr 0.000100
2026-03-16 19:17:32  Epoch    9 | loss 0.0808 | lr 0.000100
2026-03-16 19:24:08  Epoch   10 | loss 0.0807 | PSNR 20.43 dB | SSIM 0.5686 | lr 0.000100
2026-03-16 19:24:08    -> NEW BEST (20.43 dB) -> checkpoints/phase1\rcan_best_psnr20.43.pth
2026-03-16 19:29:45  Epoch   11 | loss 0.0807 | lr 0.000100
2026-03-16 19:35:26  Epoch   12 | loss 0.0807 | lr 0.000100
2026-03-16 19:42:30  Epoch   13 | loss 0.0807 | lr 0.000100
2026-03-16 19:55:25  Epoch   14 | loss 0.0806 | lr 0.000100
2026-03-16 20:05:38  Epoch   15 | loss 0.0806 | PSNR 20.43 dB | SSIM 0.5677 | lr 0.000100
2026-03-16 20:05:38    -> NEW BEST (20.43 dB) -> checkpoints/phase1\rcan_best_psnr20.43.pth
2026-03-16 20:17:08  Epoch   16 | loss 0.0806 | lr 0.000100
2026-03-16 20:23:02  Epoch   17 | loss 0.0806 | lr 0.000100
2026-03-16 20:28:56  Epoch   18 | loss 0.0806 | lr 0.000100
2026-03-16 20:34:46  Epoch   19 | loss 0.0806 | lr 0.000100
2026-03-16 20:41:37  Epoch   20 | loss 0.0806 | PSNR 20.45 dB | SSIM 0.5691 | lr 0.000050
2026-03-16 20:41:37    -> NEW BEST (20.45 dB) -> checkpoints/phase1\rcan_best_psnr20.45.pth
2026-03-16 20:47:13  Epoch   21 | loss 0.0806 | lr 0.000050
2026-03-16 20:53:04  Epoch   22 | loss 0.0806 | lr 0.000050
2026-03-16 20:58:52  Epoch   23 | loss 0.0806 | lr 0.000050
2026-03-16 21:04:39  Epoch   24 | loss 0.0806 | lr 0.000050
2026-03-16 21:11:07  Epoch   25 | loss 0.0806 | PSNR 20.46 dB | SSIM 0.5695 | lr 0.000050
2026-03-16 21:11:07    -> NEW BEST (20.46 dB) -> checkpoints/phase1\rcan_best_psnr20.46.pth
2026-03-16 21:16:57  Epoch   26 | loss 0.0806 | lr 0.000050
2026-03-16 21:23:00  Epoch   27 | loss 0.0806 | lr 0.000050
2026-03-16 21:28:38  Epoch   28 | loss 0.0806 | lr 0.000050
2026-03-16 21:34:19  Epoch   29 | loss 0.0805 | lr 0.000050
2026-03-16 21:41:08  Epoch   30 | loss 0.0805 | PSNR 20.45 dB | SSIM 0.5701 | lr 0.000050
2026-03-16 21:41:08    -> No improvement (1/10 patience)
2026-03-16 21:41:08  ============================================================
2026-03-16 21:41:08  Training complete. Best val PSNR: 20.46 dB
2026-03-16 21:41:08  ============================================================
